<?xml version="1.0" encoding="UTF-8"?>
<!-- Generated by org.testng.reporters.JUnitReportReporter -->
<testsuite hostname="pc_pierre" failures="0" tests="1" name="GeneratedScript" time="16.156" errors="0" timestamp="07 janv. 2018 16:09:58 GMT" skipped="0">
  <testcase classname="GeneratedScript" name="testMain" time="16.156"/>
</testsuite> <!-- GeneratedScript -->
