<?xml version="1.0" encoding="UTF-8"?>
<!-- Generated by org.testng.reporters.JUnitReportReporter -->
<testsuite hostname="pc_pierre" failures="0" tests="1" name="IstqSample" time="35.204" errors="0" timestamp="07 janv. 2018 18:51:38 GMT" skipped="0">
  <testcase classname="IstqSample" name="testMain" time="35.204"/>
</testsuite> <!-- IstqSample -->
